Copyright 1986-2022 Xilinx, Inc. All Rights Reserved. Copyright 2022-2025 Advanced Micro Devices, Inc. All Rights Reserved.
---------------------------------------------------------------------------------------------------------------------------------------------
| Tool Version : Vivado v.2025.1 (lin64) Build 6140274 Wed May 21 22:58:25 MDT 2025
| Date         : Thu Sep 25 08:22:12 2025
| Host         : meow running 64-bit Debian GNU/Linux 13 (trixie)
| Command      : report_control_sets -verbose -file reciever_control_sets_placed.rpt
| Design       : reciever
| Device       : xc7a35t
---------------------------------------------------------------------------------------------------------------------------------------------

Control Set Information

Table of Contents
-----------------
1. Summary
2. Histogram
3. Flip-Flop Distribution
4. Detailed Control Set Information

1. Summary
----------

+----------------------------------------------------------+-------+
|                          Status                          | Count |
+----------------------------------------------------------+-------+
| Total control sets                                       |     4 |
|    Minimum number of control sets                        |     4 |
|    Addition due to synthesis replication                 |     0 |
|    Addition due to physical synthesis replication        |     0 |
| Unused register locations in slices containing registers |     9 |
+----------------------------------------------------------+-------+
* Control sets can be merged at opt_design using control_set_merge or merge_equivalent_drivers
** Run report_qor_suggestions for automated merging and remapping suggestions


2. Histogram
------------

+--------------------+-------+
|       Fanout       | Count |
+--------------------+-------+
| Total control sets |     4 |
| >= 0 to < 4        |     0 |
| >= 4 to < 6        |     1 |
| >= 6 to < 8        |     0 |
| >= 8 to < 10       |     2 |
| >= 10 to < 12      |     0 |
| >= 12 to < 14      |     0 |
| >= 14 to < 16      |     0 |
| >= 16              |     1 |
+--------------------+-------+
* Control sets can be remapped at either synth_design or opt_design


3. Flip-Flop Distribution
-------------------------

+--------------+-----------------------+------------------------+-----------------+--------------+
| Clock Enable | Synchronous Set/Reset | Asynchronous Set/Reset | Total Registers | Total Slices |
+--------------+-----------------------+------------------------+-----------------+--------------+
| No           | No                    | No                     |               0 |            0 |
| No           | No                    | Yes                    |               0 |            0 |
| No           | Yes                   | No                     |              19 |            6 |
| Yes          | No                    | No                     |               0 |            0 |
| Yes          | No                    | Yes                    |               0 |            0 |
| Yes          | Yes                   | No                     |              20 |            8 |
+--------------+-----------------------+------------------------+-----------------+--------------+


4. Detailed Control Set Information
-----------------------------------

+----------------+----------------------+----------------------+------------------+----------------+--------------+
|  Clock Signal  |     Enable Signal    |   Set/Reset Signal   | Slice Load Count | Bel Load Count | Bels / Slice |
+----------------+----------------------+----------------------+------------------+----------------+--------------+
|  clk_IBUF_BUFG | state                | bit_index[3]_i_1_n_0 |                1 |              4 |         4.00 |
|  clk_IBUF_BUFG | shift_reg[7]_i_1_n_0 | rst_IBUF             |                3 |              8 |         2.67 |
|  clk_IBUF_BUFG | data_out[7]_i_1_n_0  | rst_IBUF             |                4 |              8 |         2.00 |
|  clk_IBUF_BUFG |                      | rst_IBUF             |                6 |             19 |         3.17 |
+----------------+----------------------+----------------------+------------------+----------------+--------------+


